C:\USERS\ELENA\COMPILERS\COMPILER\COMPILER\DEBUG\CSYMBOL.OBJ
C:\USERS\ELENA\COMPILERS\COMPILER\COMPILER\DEBUG\PRETTYPRINTER.OBJ
C:\USERS\ELENA\COMPILERS\COMPILER\COMPILER\DEBUG\SYMBOLSTABLE.OBJ
C:\USERS\ELENA\COMPILERS\COMPILER\COMPILER\DEBUG\SYMBOLSTABLEVISITOR.OBJ
C:\USERS\ELENA\COMPILERS\COMPILER\COMPILER\DEBUG\LEXER.OBJ
C:\USERS\ELENA\COMPILERS\COMPILER\COMPILER\DEBUG\MAIN.OBJ
C:\USERS\ELENA\COMPILERS\COMPILER\COMPILER\DEBUG\PARSER.TAB.OBJ
C:\USERS\ELENA\COMPILERS\COMPILER\COMPILER\DEBUG\VC110.PDB
C:\USERS\ELENA\COMPILERS\COMPILER\COMPILER\DEBUG\TYPECHECKER.OBJ
C:\USERS\ELENA\COMPILERS\COMPILER\COMPILER\LEXER.CPP
C:\USERS\ELENA\COMPILERS\COMPILER\COMPILER\PARSER.TAB.CPP
C:\USERS\ELENA\COMPILERS\COMPILER\COMPILER\PARSER.TAB.HPP
C:\USERS\ELENA\COMPILERS\COMPILER\COMPILER\PARSER.OUTPUT
C:\USERS\ELENA\COMPILERS\COMPILER\DEBUG\COMPILER.ILK
C:\USERS\ELENA\COMPILERS\COMPILER\DEBUG\COMPILER.EXE
C:\USERS\ELENA\COMPILERS\COMPILER\DEBUG\COMPILER.PDB
C:\Users\Elena\Compilers\Compiler\Compiler\Debug\CSymbol.obj
C:\Users\Elena\Compilers\Compiler\Compiler\Debug\lexer.obj
C:\Users\Elena\Compilers\Compiler\Compiler\Debug\main.obj
C:\Users\Elena\Compilers\Compiler\Compiler\Debug\parser.tab.obj
C:\Users\Elena\Compilers\Compiler\Compiler\Debug\PrettyPrinter.obj
C:\Users\Elena\Compilers\Compiler\Compiler\Debug\SymbolsTable.obj
C:\Users\Elena\Compilers\Compiler\Compiler\Debug\SymbolsTableVisitor.obj
C:\Users\Elena\Compilers\Compiler\Compiler\Debug\TypeChecker.obj
C:\Users\Elena\Compilers\Compiler\Compiler\Debug\cl.command.1.tlog
C:\Users\Elena\Compilers\Compiler\Compiler\Debug\CL.read.1.tlog
C:\Users\Elena\Compilers\Compiler\Compiler\Debug\CL.write.1.tlog
C:\Users\Elena\Compilers\Compiler\Compiler\Debug\custombuild.command.1.tlog
C:\Users\Elena\Compilers\Compiler\Compiler\Debug\custombuild.read.1.tlog
C:\Users\Elena\Compilers\Compiler\Compiler\Debug\custombuild.write.1.tlog
C:\Users\Elena\Compilers\Compiler\Compiler\Debug\link-cvtres.read.1.tlog
C:\Users\Elena\Compilers\Compiler\Compiler\Debug\link-cvtres.write.1.tlog
C:\Users\Elena\Compilers\Compiler\Compiler\Debug\link-rc.read.1.tlog
C:\Users\Elena\Compilers\Compiler\Compiler\Debug\link-rc.write.1.tlog
C:\Users\Elena\Compilers\Compiler\Compiler\Debug\link.16292-cvtres.read.1.tlog
C:\Users\Elena\Compilers\Compiler\Compiler\Debug\link.16292-cvtres.write.1.tlog
C:\Users\Elena\Compilers\Compiler\Compiler\Debug\link.16292-rc.read.1.tlog
C:\Users\Elena\Compilers\Compiler\Compiler\Debug\link.16292-rc.write.1.tlog
C:\Users\Elena\Compilers\Compiler\Compiler\Debug\link.16292.read.1.tlog
C:\Users\Elena\Compilers\Compiler\Compiler\Debug\link.16292.write.1.tlog
C:\Users\Elena\Compilers\Compiler\Compiler\Debug\link.3808-cvtres.read.1.tlog
C:\Users\Elena\Compilers\Compiler\Compiler\Debug\link.3808-cvtres.write.1.tlog
C:\Users\Elena\Compilers\Compiler\Compiler\Debug\link.3808-rc.read.1.tlog
C:\Users\Elena\Compilers\Compiler\Compiler\Debug\link.3808-rc.write.1.tlog
C:\Users\Elena\Compilers\Compiler\Compiler\Debug\link.3808.read.1.tlog
C:\Users\Elena\Compilers\Compiler\Compiler\Debug\link.3808.write.1.tlog
C:\Users\Elena\Compilers\Compiler\Compiler\Debug\link.command.1.tlog
C:\Users\Elena\Compilers\Compiler\Compiler\Debug\link.read.1.tlog
C:\Users\Elena\Compilers\Compiler\Compiler\Debug\link.write.1.tlog
C:\Users\Elena\Compilers\Compiler\Compiler\Debug\vc110.idb
C:\Users\Elena\Compilers\Compiler\Compiler\Debug\vc110.pdb
C:\Users\Elena\Compilers\Compiler\Debug\Compiler.pdb
C:\Users\Elena\Compilers\Compiler\Debug\Compiler.exe
C:\Users\Elena\Compilers\Compiler\Debug\Compiler.ilk
